Compilation failed:
    source file: 'C:/Users/speci/Desktop/FaceRecognitionAPI/node_modules/opencv-build/opencv/opencv/cmake/checks/cpu_avx512.cpp'
    check option: '    '
===== BUILD LOG =====
Change Dir: C:/Users/speci/Desktop/FaceRecognitionAPI/node_modules/opencv-build/opencv/build/CMakeFiles/CMakeTmp

Run Build Command:"C:/Program Files (x86)/Microsoft Visual Studio/2017/BuildTools/MSBuild/15.0/Bin/MSBuild.exe" "cmTC_f33f4.vcxproj" "/p:Configuration=Release" "/p:VisualStudioVersion=15.0"
Microsoft (R) Build Engine version 15.5.180.51428 for .NET Framework
Copyright (C) Microsoft Corporation. All rights reserved.

Build started 4/24/2018 5:31:47 PM.
Project "C:\Users\speci\Desktop\FaceRecognitionAPI\node_modules\opencv-build\opencv\build\CMakeFiles\CMakeTmp\cmTC_f33f4.vcxproj" on node 1 (default targets).
PrepareForBuild:
  Creating directory "cmTC_f33f4.dir\Release\".
  Creating directory "C:\Users\speci\Desktop\FaceRecognitionAPI\node_modules\opencv-build\opencv\build\CMakeFiles\CMakeTmp\Release\".
  Creating directory "cmTC_f33f4.dir\Release\cmTC_f33f4.tlog\".
InitializeBuildStatus:
  Creating "cmTC_f33f4.dir\Release\cmTC_f33f4.tlog\unsuccessfulbuild" because "AlwaysCreate" was specified.
ClCompile:
  C:\Program Files (x86)\Microsoft Visual Studio\2017\BuildTools\VC\Tools\MSVC\14.12.25827\bin\HostX86\x64\CL.exe /c /W3 /WX- /diagnostics:classic /O2 /Ob2 /D WIN32 /D _WINDOWS /D NDEBUG /D "CMAKE_INTDIR=\"Release\"" /D _MBCS /Gm- /EHsc /MD /GS /fp:precise /Zc:wchar_t /Zc:forScope /Zc:inline /GR /Fo"cmTC_f33f4.dir\Release\\" /Fd"cmTC_f33f4.dir\Release\vc141.pdb" /Gd /TP /errorReport:queue "C:\Users\speci\Desktop\FaceRecognitionAPI\node_modules\opencv-build\opencv\opencv\cmake\checks\cpu_avx512.cpp"
  Microsoft (R) C/C++ Optimizing Compiler Version 19.12.25835 for x64
  Copyright (C) Microsoft Corporation.  All rights reserved.
  
  cl /c /W3 /WX- /diagnostics:classic /O2 /Ob2 /D WIN32 /D _WINDOWS /D NDEBUG /D "CMAKE_INTDIR=\"Release\"" /D _MBCS /Gm- /EHsc /MD /GS /fp:precise /Zc:wchar_t /Zc:forScope /Zc:inline /GR /Fo"cmTC_f33f4.dir\Release\\" /Fd"cmTC_f33f4.dir\Release\vc141.pdb" /Gd /TP /errorReport:queue "C:\Users\speci\Desktop\FaceRecognitionAPI\node_modules\opencv-build\opencv\opencv\cmake\checks\cpu_avx512.cpp"
  cpu_avx512.cpp
  
C:\Users\speci\Desktop\FaceRecognitionAPI\node_modules\opencv-build\opencv\opencv\cmake\checks\cpu_avx512.cpp(8): fatal error C1189: #error:  "AVX512 is not supported" [C:\Users\speci\Desktop\FaceRecognitionAPI\node_modules\opencv-build\opencv\build\CMakeFiles\CMakeTmp\cmTC_f33f4.vcxproj]
Done Building Project "C:\Users\speci\Desktop\FaceRecognitionAPI\node_modules\opencv-build\opencv\build\CMakeFiles\CMakeTmp\cmTC_f33f4.vcxproj" (default targets) -- FAILED.

Build FAILED.

"C:\Users\speci\Desktop\FaceRecognitionAPI\node_modules\opencv-build\opencv\build\CMakeFiles\CMakeTmp\cmTC_f33f4.vcxproj" (default target) (1) ->
(ClCompile target) -> 
  C:\Users\speci\Desktop\FaceRecognitionAPI\node_modules\opencv-build\opencv\opencv\cmake\checks\cpu_avx512.cpp(8): fatal error C1189: #error:  "AVX512 is not supported" [C:\Users\speci\Desktop\FaceRecognitionAPI\node_modules\opencv-build\opencv\build\CMakeFiles\CMakeTmp\cmTC_f33f4.vcxproj]

    0 Warning(s)
    1 Error(s)

Time Elapsed 00:00:00.55

===== END =====

Compilation failed:
    source file: 'C:/Users/speci/Desktop/FaceRecognitionAPI/node_modules/opencv-build/opencv/opencv/cmake/checks/cpu_avx512skx.cpp'
    check option: '    '
===== BUILD LOG =====
Change Dir: C:/Users/speci/Desktop/FaceRecognitionAPI/node_modules/opencv-build/opencv/build/CMakeFiles/CMakeTmp

Run Build Command:"C:/Program Files (x86)/Microsoft Visual Studio/2017/BuildTools/MSBuild/15.0/Bin/MSBuild.exe" "cmTC_1ab31.vcxproj" "/p:Configuration=Release" "/p:VisualStudioVersion=15.0"
Microsoft (R) Build Engine version 15.5.180.51428 for .NET Framework
Copyright (C) Microsoft Corporation. All rights reserved.

Build started 4/24/2018 5:31:48 PM.
Project "C:\Users\speci\Desktop\FaceRecognitionAPI\node_modules\opencv-build\opencv\build\CMakeFiles\CMakeTmp\cmTC_1ab31.vcxproj" on node 1 (default targets).
PrepareForBuild:
  Creating directory "cmTC_1ab31.dir\Release\".
  Creating directory "C:\Users\speci\Desktop\FaceRecognitionAPI\node_modules\opencv-build\opencv\build\CMakeFiles\CMakeTmp\Release\".
  Creating directory "cmTC_1ab31.dir\Release\cmTC_1ab31.tlog\".
InitializeBuildStatus:
  Creating "cmTC_1ab31.dir\Release\cmTC_1ab31.tlog\unsuccessfulbuild" because "AlwaysCreate" was specified.
ClCompile:
  C:\Program Files (x86)\Microsoft Visual Studio\2017\BuildTools\VC\Tools\MSVC\14.12.25827\bin\HostX86\x64\CL.exe /c /W3 /WX- /diagnostics:classic /O2 /Ob2 /D WIN32 /D _WINDOWS /D NDEBUG /D "CMAKE_INTDIR=\"Release\"" /D _MBCS /Gm- /EHsc /MD /GS /fp:precise /Zc:wchar_t /Zc:forScope /Zc:inline /GR /Fo"cmTC_1ab31.dir\Release\\" /Fd"cmTC_1ab31.dir\Release\vc141.pdb" /Gd /TP /errorReport:queue "C:\Users\speci\Desktop\FaceRecognitionAPI\node_modules\opencv-build\opencv\opencv\cmake\checks\cpu_avx512skx.cpp"
  Microsoft (R) C/C++ Optimizing Compiler Version 19.12.25835 for x64
  Copyright (C) Microsoft Corporation.  All rights reserved.
  
  cl /c /W3 /WX- /diagnostics:classic /O2 /Ob2 /D WIN32 /D _WINDOWS /D NDEBUG /D "CMAKE_INTDIR=\"Release\"" /D _MBCS /Gm- /EHsc /MD /GS /fp:precise /Zc:wchar_t /Zc:forScope /Zc:inline /GR /Fo"cmTC_1ab31.dir\Release\\" /Fd"cmTC_1ab31.dir\Release\vc141.pdb" /Gd /TP /errorReport:queue "C:\Users\speci\Desktop\FaceRecognitionAPI\node_modules\opencv-build\opencv\opencv\cmake\checks\cpu_avx512skx.cpp"
  cpu_avx512skx.cpp
  
C:\Users\speci\Desktop\FaceRecognitionAPI\node_modules\opencv-build\opencv\opencv\cmake\checks\cpu_avx512skx.cpp(12): fatal error C1189: #error:  "AVX512-SKX is not supported" [C:\Users\speci\Desktop\FaceRecognitionAPI\node_modules\opencv-build\opencv\build\CMakeFiles\CMakeTmp\cmTC_1ab31.vcxproj]
Done Building Project "C:\Users\speci\Desktop\FaceRecognitionAPI\node_modules\opencv-build\opencv\build\CMakeFiles\CMakeTmp\cmTC_1ab31.vcxproj" (default targets) -- FAILED.

Build FAILED.

"C:\Users\speci\Desktop\FaceRecognitionAPI\node_modules\opencv-build\opencv\build\CMakeFiles\CMakeTmp\cmTC_1ab31.vcxproj" (default target) (1) ->
(ClCompile target) -> 
  C:\Users\speci\Desktop\FaceRecognitionAPI\node_modules\opencv-build\opencv\opencv\cmake\checks\cpu_avx512skx.cpp(12): fatal error C1189: #error:  "AVX512-SKX is not supported" [C:\Users\speci\Desktop\FaceRecognitionAPI\node_modules\opencv-build\opencv\build\CMakeFiles\CMakeTmp\cmTC_1ab31.vcxproj]

    0 Warning(s)
    1 Error(s)

Time Elapsed 00:00:00.47

===== END =====

Determining if the function fseeko exists failed with the following output:
Change Dir: C:/Users/speci/Desktop/FaceRecognitionAPI/node_modules/opencv-build/opencv/build/CMakeFiles/CMakeTmp

Run Build Command:"C:/Program Files (x86)/Microsoft Visual Studio/2017/BuildTools/MSBuild/15.0/Bin/MSBuild.exe" "cmTC_6703b.vcxproj" "/p:Configuration=Release" "/p:VisualStudioVersion=15.0"
Microsoft (R) Build Engine version 15.5.180.51428 for .NET Framework
Copyright (C) Microsoft Corporation. All rights reserved.

Build started 4/24/2018 5:31:59 PM.
Project "C:\Users\speci\Desktop\FaceRecognitionAPI\node_modules\opencv-build\opencv\build\CMakeFiles\CMakeTmp\cmTC_6703b.vcxproj" on node 1 (default targets).
PrepareForBuild:
  Creating directory "cmTC_6703b.dir\Release\".
  Creating directory "C:\Users\speci\Desktop\FaceRecognitionAPI\node_modules\opencv-build\opencv\build\CMakeFiles\CMakeTmp\Release\".
  Creating directory "cmTC_6703b.dir\Release\cmTC_6703b.tlog\".
InitializeBuildStatus:
  Creating "cmTC_6703b.dir\Release\cmTC_6703b.tlog\unsuccessfulbuild" because "AlwaysCreate" was specified.
ClCompile:
  C:\Program Files (x86)\Microsoft Visual Studio\2017\BuildTools\VC\Tools\MSVC\14.12.25827\bin\HostX86\x64\CL.exe /c /W3 /WX- /diagnostics:classic /MP8 /O2 /Ob2 /Oi /D WIN32 /D _WINDOWS /D _CRT_SECURE_NO_DEPRECATE /D _CRT_NONSTDC_NO_DEPRECATE /D _SCL_SECURE_NO_WARNINGS /D CHECK_FUNCTION_EXISTS=fseeko /D NDEBUG /D "CMAKE_INTDIR=\"Release\"" /D _MBCS /Gm- /MD /GS /Gy /fp:precise /Zc:wchar_t /Zc:forScope /Zc:inline /Fo"cmTC_6703b.dir\Release\\" /Fd"cmTC_6703b.dir\Release\vc141.pdb" /Gd /TC /errorReport:queue  /bigobj "C:\Program Files\cmake-3.11.0-rc1-win32-x86\cmake-3.11.0-rc1-win32-x86\share\cmake-3.11\Modules\CheckFunctionExists.c"
  Microsoft (R) C/C++ Optimizing Compiler Version 19.12.25835 for x64
  Copyright (C) Microsoft Corporation.  All rights reserved.
  
  cl /c /W3 /WX- /diagnostics:classic /MP8 /O2 /Ob2 /Oi /D WIN32 /D _WINDOWS /D _CRT_SECURE_NO_DEPRECATE /D _CRT_NONSTDC_NO_DEPRECATE /D _SCL_SECURE_NO_WARNINGS /D CHECK_FUNCTION_EXISTS=fseeko /D NDEBUG /D "CMAKE_INTDIR=\"Release\"" /D _MBCS /Gm- /MD /GS /Gy /fp:precise /Zc:wchar_t /Zc:forScope /Zc:inline /Fo"cmTC_6703b.dir\Release\\" /Fd"cmTC_6703b.dir\Release\vc141.pdb" /Gd /TC /errorReport:queue  /bigobj "C:\Program Files\cmake-3.11.0-rc1-win32-x86\cmake-3.11.0-rc1-win32-x86\share\cmake-3.11\Modules\CheckFunctionExists.c"
  CheckFunctionExists.c
  
Link:
  C:\Program Files (x86)\Microsoft Visual Studio\2017\BuildTools\VC\Tools\MSVC\14.12.25827\bin\HostX86\x64\link.exe /ERRORREPORT:QUEUE /OUT:"C:\Users\speci\Desktop\FaceRecognitionAPI\node_modules\opencv-build\opencv\build\CMakeFiles\CMakeTmp\Release\cmTC_6703b.exe" /INCREMENTAL:NO /NOLOGO kernel32.lib user32.lib gdi32.lib winspool.lib shell32.lib ole32.lib oleaut32.lib uuid.lib comdlg32.lib advapi32.lib /MANIFEST /MANIFESTUAC:"level='asInvoker' uiAccess='false'" /manifest:embed /PDB:"C:/Users/speci/Desktop/FaceRecognitionAPI/node_modules/opencv-build/opencv/build/CMakeFiles/CMakeTmp/Release/cmTC_6703b.pdb" /SUBSYSTEM:CONSOLE /TLBID:1 /DYNAMICBASE /NXCOMPAT /IMPLIB:"C:/Users/speci/Desktop/FaceRecognitionAPI/node_modules/opencv-build/opencv/build/CMakeFiles/CMakeTmp/Release/cmTC_6703b.lib" /MACHINE:X64  /machine:x64 cmTC_6703b.dir\Release\CheckFunctionExists.obj
CheckFunctionExists.obj : error LNK2019: unresolved external symbol fseeko referenced in function main [C:\Users\speci\Desktop\FaceRecognitionAPI\node_modules\opencv-build\opencv\build\CMakeFiles\CMakeTmp\cmTC_6703b.vcxproj]
C:\Users\speci\Desktop\FaceRecognitionAPI\node_modules\opencv-build\opencv\build\CMakeFiles\CMakeTmp\Release\cmTC_6703b.exe : fatal error LNK1120: 1 unresolved externals [C:\Users\speci\Desktop\FaceRecognitionAPI\node_modules\opencv-build\opencv\build\CMakeFiles\CMakeTmp\cmTC_6703b.vcxproj]
Done Building Project "C:\Users\speci\Desktop\FaceRecognitionAPI\node_modules\opencv-build\opencv\build\CMakeFiles\CMakeTmp\cmTC_6703b.vcxproj" (default targets) -- FAILED.

Build FAILED.

"C:\Users\speci\Desktop\FaceRecognitionAPI\node_modules\opencv-build\opencv\build\CMakeFiles\CMakeTmp\cmTC_6703b.vcxproj" (default target) (1) ->
(Link target) -> 
  CheckFunctionExists.obj : error LNK2019: unresolved external symbol fseeko referenced in function main [C:\Users\speci\Desktop\FaceRecognitionAPI\node_modules\opencv-build\opencv\build\CMakeFiles\CMakeTmp\cmTC_6703b.vcxproj]
  C:\Users\speci\Desktop\FaceRecognitionAPI\node_modules\opencv-build\opencv\build\CMakeFiles\CMakeTmp\Release\cmTC_6703b.exe : fatal error LNK1120: 1 unresolved externals [C:\Users\speci\Desktop\FaceRecognitionAPI\node_modules\opencv-build\opencv\build\CMakeFiles\CMakeTmp\cmTC_6703b.vcxproj]

    0 Warning(s)
    2 Error(s)

Time Elapsed 00:00:00.88


Determining size of off64_t failed with the following output:
Change Dir: C:/Users/speci/Desktop/FaceRecognitionAPI/node_modules/opencv-build/opencv/build/CMakeFiles/CMakeTmp

Run Build Command:"C:/Program Files (x86)/Microsoft Visual Studio/2017/BuildTools/MSBuild/15.0/Bin/MSBuild.exe" "cmTC_6d222.vcxproj" "/p:Configuration=Release" "/p:VisualStudioVersion=15.0"
Microsoft (R) Build Engine version 15.5.180.51428 for .NET Framework
Copyright (C) Microsoft Corporation. All rights reserved.

Build started 4/24/2018 5:32:00 PM.
Project "C:\Users\speci\Desktop\FaceRecognitionAPI\node_modules\opencv-build\opencv\build\CMakeFiles\CMakeTmp\cmTC_6d222.vcxproj" on node 1 (default targets).
PrepareForBuild:
  Creating directory "cmTC_6d222.dir\Release\".
  Creating directory "C:\Users\speci\Desktop\FaceRecognitionAPI\node_modules\opencv-build\opencv\build\CMakeFiles\CMakeTmp\Release\".
  Creating directory "cmTC_6d222.dir\Release\cmTC_6d222.tlog\".
InitializeBuildStatus:
  Creating "cmTC_6d222.dir\Release\cmTC_6d222.tlog\unsuccessfulbuild" because "AlwaysCreate" was specified.
ClCompile:
  C:\Program Files (x86)\Microsoft Visual Studio\2017\BuildTools\VC\Tools\MSVC\14.12.25827\bin\HostX86\x64\CL.exe /c /W3 /WX- /diagnostics:classic /MP8 /O2 /Ob2 /Oi /D WIN32 /D _WINDOWS /D _CRT_SECURE_NO_DEPRECATE /D _CRT_NONSTDC_NO_DEPRECATE /D _SCL_SECURE_NO_WARNINGS /D NDEBUG /D "CMAKE_INTDIR=\"Release\"" /D _MBCS /Gm- /MD /GS /Gy /fp:precise /Zc:wchar_t /Zc:forScope /Zc:inline /Fo"cmTC_6d222.dir\Release\\" /Fd"cmTC_6d222.dir\Release\vc141.pdb" /Gd /TC /errorReport:queue  /bigobj "C:\Users\speci\Desktop\FaceRecognitionAPI\node_modules\opencv-build\opencv\build\CMakeFiles\CheckTypeSize\OFF64_T.c"
  Microsoft (R) C/C++ Optimizing Compiler Version 19.12.25835 for x64
  Copyright (C) Microsoft Corporation.  All rights reserved.
  
  cl /c /W3 /WX- /diagnostics:classic /MP8 /O2 /Ob2 /Oi /D WIN32 /D _WINDOWS /D _CRT_SECURE_NO_DEPRECATE /D _CRT_NONSTDC_NO_DEPRECATE /D _SCL_SECURE_NO_WARNINGS /D NDEBUG /D "CMAKE_INTDIR=\"Release\"" /D _MBCS /Gm- /MD /GS /Gy /fp:precise /Zc:wchar_t /Zc:forScope /Zc:inline /Fo"cmTC_6d222.dir\Release\\" /Fd"cmTC_6d222.dir\Release\vc141.pdb" /Gd /TC /errorReport:queue  /bigobj "C:\Users\speci\Desktop\FaceRecognitionAPI\node_modules\opencv-build\opencv\build\CMakeFiles\CheckTypeSize\OFF64_T.c"
  OFF64_T.c
  
C:\Users\speci\Desktop\FaceRecognitionAPI\node_modules\opencv-build\opencv\build\CMakeFiles\CheckTypeSize\OFF64_T.c(25): error C2065: 'off64_t': undeclared identifier [C:\Users\speci\Desktop\FaceRecognitionAPI\node_modules\opencv-build\opencv\build\CMakeFiles\CMakeTmp\cmTC_6d222.vcxproj]
C:\Users\speci\Desktop\FaceRecognitionAPI\node_modules\opencv-build\opencv\build\CMakeFiles\CheckTypeSize\OFF64_T.c(26): error C2065: 'off64_t': undeclared identifier [C:\Users\speci\Desktop\FaceRecognitionAPI\node_modules\opencv-build\opencv\build\CMakeFiles\CMakeTmp\cmTC_6d222.vcxproj]
C:\Users\speci\Desktop\FaceRecognitionAPI\node_modules\opencv-build\opencv\build\CMakeFiles\CheckTypeSize\OFF64_T.c(27): error C2065: 'off64_t': undeclared identifier [C:\Users\speci\Desktop\FaceRecognitionAPI\node_modules\opencv-build\opencv\build\CMakeFiles\CMakeTmp\cmTC_6d222.vcxproj]
C:\Users\speci\Desktop\FaceRecognitionAPI\node_modules\opencv-build\opencv\build\CMakeFiles\CheckTypeSize\OFF64_T.c(28): error C2065: 'off64_t': undeclared identifier [C:\Users\speci\Desktop\FaceRecognitionAPI\node_modules\opencv-build\opencv\build\CMakeFiles\CMakeTmp\cmTC_6d222.vcxproj]
C:\Users\speci\Desktop\FaceRecognitionAPI\node_modules\opencv-build\opencv\build\CMakeFiles\CheckTypeSize\OFF64_T.c(29): error C2065: 'off64_t': undeclared identifier [C:\Users\speci\Desktop\FaceRecognitionAPI\node_modules\opencv-build\opencv\build\CMakeFiles\CMakeTmp\cmTC_6d222.vcxproj]
Done Building Project "C:\Users\speci\Desktop\FaceRecognitionAPI\node_modules\opencv-build\opencv\build\CMakeFiles\CMakeTmp\cmTC_6d222.vcxproj" (default targets) -- FAILED.

Build FAILED.

"C:\Users\speci\Desktop\FaceRecognitionAPI\node_modules\opencv-build\opencv\build\CMakeFiles\CMakeTmp\cmTC_6d222.vcxproj" (default target) (1) ->
(ClCompile target) -> 
  C:\Users\speci\Desktop\FaceRecognitionAPI\node_modules\opencv-build\opencv\build\CMakeFiles\CheckTypeSize\OFF64_T.c(25): error C2065: 'off64_t': undeclared identifier [C:\Users\speci\Desktop\FaceRecognitionAPI\node_modules\opencv-build\opencv\build\CMakeFiles\CMakeTmp\cmTC_6d222.vcxproj]
  C:\Users\speci\Desktop\FaceRecognitionAPI\node_modules\opencv-build\opencv\build\CMakeFiles\CheckTypeSize\OFF64_T.c(26): error C2065: 'off64_t': undeclared identifier [C:\Users\speci\Desktop\FaceRecognitionAPI\node_modules\opencv-build\opencv\build\CMakeFiles\CMakeTmp\cmTC_6d222.vcxproj]
  C:\Users\speci\Desktop\FaceRecognitionAPI\node_modules\opencv-build\opencv\build\CMakeFiles\CheckTypeSize\OFF64_T.c(27): error C2065: 'off64_t': undeclared identifier [C:\Users\speci\Desktop\FaceRecognitionAPI\node_modules\opencv-build\opencv\build\CMakeFiles\CMakeTmp\cmTC_6d222.vcxproj]
  C:\Users\speci\Desktop\FaceRecognitionAPI\node_modules\opencv-build\opencv\build\CMakeFiles\CheckTypeSize\OFF64_T.c(28): error C2065: 'off64_t': undeclared identifier [C:\Users\speci\Desktop\FaceRecognitionAPI\node_modules\opencv-build\opencv\build\CMakeFiles\CMakeTmp\cmTC_6d222.vcxproj]
  C:\Users\speci\Desktop\FaceRecognitionAPI\node_modules\opencv-build\opencv\build\CMakeFiles\CheckTypeSize\OFF64_T.c(29): error C2065: 'off64_t': undeclared identifier [C:\Users\speci\Desktop\FaceRecognitionAPI\node_modules\opencv-build\opencv\build\CMakeFiles\CMakeTmp\cmTC_6d222.vcxproj]

    0 Warning(s)
    5 Error(s)

Time Elapsed 00:00:00.50

C:/Users/speci/Desktop/FaceRecognitionAPI/node_modules/opencv-build/opencv/build/CMakeFiles/CheckTypeSize/OFF64_T.c:
#include <sys/types.h>
#include <stdint.h>
#include <stddef.h>


#undef KEY
#if defined(__i386)
# define KEY '_','_','i','3','8','6'
#elif defined(__x86_64)
# define KEY '_','_','x','8','6','_','6','4'
#elif defined(__ppc__)
# define KEY '_','_','p','p','c','_','_'
#elif defined(__ppc64__)
# define KEY '_','_','p','p','c','6','4','_','_'
#elif defined(__aarch64__)
# define KEY '_','_','a','a','r','c','h','6','4','_','_'
#elif defined(__ARM_ARCH_7A__)
# define KEY '_','_','A','R','M','_','A','R','C','H','_','7','A','_','_'
#elif defined(__ARM_ARCH_7S__)
# define KEY '_','_','A','R','M','_','A','R','C','H','_','7','S','_','_'
#endif

#define SIZE (sizeof(off64_t))
char info_size[] =  {'I', 'N', 'F', 'O', ':', 's','i','z','e','[',
  ('0' + ((SIZE / 10000)%10)),
  ('0' + ((SIZE / 1000)%10)),
  ('0' + ((SIZE / 100)%10)),
  ('0' + ((SIZE / 10)%10)),
  ('0' +  (SIZE    % 10)),
  ']',
#ifdef KEY
  ' ','k','e','y','[', KEY, ']',
#endif
  '\0'};

#ifdef __CLASSIC_C__
int main(argc, argv) int argc; char *argv[];
#else
int main(int argc, char *argv[])
#endif
{
  int require = 0;
  require += info_size[argc];
  (void)argv;
  return require;
}


Determining if the function strcasecmp exists failed with the following output:
Change Dir: C:/Users/speci/Desktop/FaceRecognitionAPI/node_modules/opencv-build/opencv/build/CMakeFiles/CMakeTmp

Run Build Command:"C:/Program Files (x86)/Microsoft Visual Studio/2017/BuildTools/MSBuild/15.0/Bin/MSBuild.exe" "cmTC_68130.vcxproj" "/p:Configuration=Release" "/p:VisualStudioVersion=15.0"
Microsoft (R) Build Engine version 15.5.180.51428 for .NET Framework
Copyright (C) Microsoft Corporation. All rights reserved.

Build started 4/24/2018 5:32:23 PM.
Project "C:\Users\speci\Desktop\FaceRecognitionAPI\node_modules\opencv-build\opencv\build\CMakeFiles\CMakeTmp\cmTC_68130.vcxproj" on node 1 (default targets).
PrepareForBuild:
  Creating directory "cmTC_68130.dir\Release\".
  Creating directory "C:\Users\speci\Desktop\FaceRecognitionAPI\node_modules\opencv-build\opencv\build\CMakeFiles\CMakeTmp\Release\".
  Creating directory "cmTC_68130.dir\Release\cmTC_68130.tlog\".
InitializeBuildStatus:
  Creating "cmTC_68130.dir\Release\cmTC_68130.tlog\unsuccessfulbuild" because "AlwaysCreate" was specified.
ClCompile:
  C:\Program Files (x86)\Microsoft Visual Studio\2017\BuildTools\VC\Tools\MSVC\14.12.25827\bin\HostX86\x64\CL.exe /c /W3 /WX- /diagnostics:classic /MP8 /O2 /Ob2 /Oi /D WIN32 /D _WINDOWS /D _CRT_SECURE_NO_DEPRECATE /D _CRT_NONSTDC_NO_DEPRECATE /D _SCL_SECURE_NO_WARNINGS /D CHECK_FUNCTION_EXISTS=strcasecmp /D NDEBUG /D "CMAKE_INTDIR=\"Release\"" /D _MBCS /Gm- /MD /GS /Gy /fp:precise /Zc:wchar_t /Zc:forScope /Zc:inline /Fo"cmTC_68130.dir\Release\\" /Fd"cmTC_68130.dir\Release\vc141.pdb" /Gd /TC /errorReport:queue  /bigobj "C:\Program Files\cmake-3.11.0-rc1-win32-x86\cmake-3.11.0-rc1-win32-x86\share\cmake-3.11\Modules\CheckFunctionExists.c"
  Microsoft (R) C/C++ Optimizing Compiler Version 19.12.25835 for x64
  Copyright (C) Microsoft Corporation.  All rights reserved.
  
  cl /c /W3 /WX- /diagnostics:classic /MP8 /O2 /Ob2 /Oi /D WIN32 /D _WINDOWS /D _CRT_SECURE_NO_DEPRECATE /D _CRT_NONSTDC_NO_DEPRECATE /D _SCL_SECURE_NO_WARNINGS /D CHECK_FUNCTION_EXISTS=strcasecmp /D NDEBUG /D "CMAKE_INTDIR=\"Release\"" /D _MBCS /Gm- /MD /GS /Gy /fp:precise /Zc:wchar_t /Zc:forScope /Zc:inline /Fo"cmTC_68130.dir\Release\\" /Fd"cmTC_68130.dir\Release\vc141.pdb" /Gd /TC /errorReport:queue  /bigobj "C:\Program Files\cmake-3.11.0-rc1-win32-x86\cmake-3.11.0-rc1-win32-x86\share\cmake-3.11\Modules\CheckFunctionExists.c"
  CheckFunctionExists.c
  
Link:
  C:\Program Files (x86)\Microsoft Visual Studio\2017\BuildTools\VC\Tools\MSVC\14.12.25827\bin\HostX86\x64\link.exe /ERRORREPORT:QUEUE /OUT:"C:\Users\speci\Desktop\FaceRecognitionAPI\node_modules\opencv-build\opencv\build\CMakeFiles\CMakeTmp\Release\cmTC_68130.exe" /INCREMENTAL:NO /NOLOGO kernel32.lib user32.lib gdi32.lib winspool.lib shell32.lib ole32.lib oleaut32.lib uuid.lib comdlg32.lib advapi32.lib /MANIFEST /MANIFESTUAC:"level='asInvoker' uiAccess='false'" /manifest:embed /PDB:"C:/Users/speci/Desktop/FaceRecognitionAPI/node_modules/opencv-build/opencv/build/CMakeFiles/CMakeTmp/Release/cmTC_68130.pdb" /SUBSYSTEM:CONSOLE /TLBID:1 /DYNAMICBASE /NXCOMPAT /IMPLIB:"C:/Users/speci/Desktop/FaceRecognitionAPI/node_modules/opencv-build/opencv/build/CMakeFiles/CMakeTmp/Release/cmTC_68130.lib" /MACHINE:X64  /machine:x64 cmTC_68130.dir\Release\CheckFunctionExists.obj
CheckFunctionExists.obj : error LNK2019: unresolved external symbol strcasecmp referenced in function main [C:\Users\speci\Desktop\FaceRecognitionAPI\node_modules\opencv-build\opencv\build\CMakeFiles\CMakeTmp\cmTC_68130.vcxproj]
C:\Users\speci\Desktop\FaceRecognitionAPI\node_modules\opencv-build\opencv\build\CMakeFiles\CMakeTmp\Release\cmTC_68130.exe : fatal error LNK1120: 1 unresolved externals [C:\Users\speci\Desktop\FaceRecognitionAPI\node_modules\opencv-build\opencv\build\CMakeFiles\CMakeTmp\cmTC_68130.vcxproj]
Done Building Project "C:\Users\speci\Desktop\FaceRecognitionAPI\node_modules\opencv-build\opencv\build\CMakeFiles\CMakeTmp\cmTC_68130.vcxproj" (default targets) -- FAILED.

Build FAILED.

"C:\Users\speci\Desktop\FaceRecognitionAPI\node_modules\opencv-build\opencv\build\CMakeFiles\CMakeTmp\cmTC_68130.vcxproj" (default target) (1) ->
(Link target) -> 
  CheckFunctionExists.obj : error LNK2019: unresolved external symbol strcasecmp referenced in function main [C:\Users\speci\Desktop\FaceRecognitionAPI\node_modules\opencv-build\opencv\build\CMakeFiles\CMakeTmp\cmTC_68130.vcxproj]
  C:\Users\speci\Desktop\FaceRecognitionAPI\node_modules\opencv-build\opencv\build\CMakeFiles\CMakeTmp\Release\cmTC_68130.exe : fatal error LNK1120: 1 unresolved externals [C:\Users\speci\Desktop\FaceRecognitionAPI\node_modules\opencv-build\opencv\build\CMakeFiles\CMakeTmp\cmTC_68130.vcxproj]

    0 Warning(s)
    2 Error(s)

Time Elapsed 00:00:00.78


Determining if the include file pthread.h exists failed with the following output:
Change Dir: C:/Users/speci/Desktop/FaceRecognitionAPI/node_modules/opencv-build/opencv/build/CMakeFiles/CMakeTmp

Run Build Command:"C:/Program Files (x86)/Microsoft Visual Studio/2017/BuildTools/MSBuild/15.0/Bin/MSBuild.exe" "cmTC_2159b.vcxproj" "/p:Configuration=Release" "/p:VisualStudioVersion=15.0"
Microsoft (R) Build Engine version 15.5.180.51428 for .NET Framework
Copyright (C) Microsoft Corporation. All rights reserved.

Build started 4/24/2018 5:34:19 PM.
Project "C:\Users\speci\Desktop\FaceRecognitionAPI\node_modules\opencv-build\opencv\build\CMakeFiles\CMakeTmp\cmTC_2159b.vcxproj" on node 1 (default targets).
PrepareForBuild:
  Creating directory "cmTC_2159b.dir\Release\".
  Creating directory "C:\Users\speci\Desktop\FaceRecognitionAPI\node_modules\opencv-build\opencv\build\CMakeFiles\CMakeTmp\Release\".
  Creating directory "cmTC_2159b.dir\Release\cmTC_2159b.tlog\".
InitializeBuildStatus:
  Creating "cmTC_2159b.dir\Release\cmTC_2159b.tlog\unsuccessfulbuild" because "AlwaysCreate" was specified.
ClCompile:
  C:\Program Files (x86)\Microsoft Visual Studio\2017\BuildTools\VC\Tools\MSVC\14.12.25827\bin\HostX86\x64\CL.exe /c /W3 /WX- /diagnostics:classic /MP8 /O2 /Ob2 /Oi /D WIN32 /D _WINDOWS /D _CRT_SECURE_NO_DEPRECATE /D _CRT_NONSTDC_NO_DEPRECATE /D _SCL_SECURE_NO_WARNINGS /D NDEBUG /D "CMAKE_INTDIR=\"Release\"" /D _MBCS /Gm- /MD /GS /Gy /fp:precise /Zc:wchar_t /Zc:forScope /Zc:inline /Fo"cmTC_2159b.dir\Release\\" /Fd"cmTC_2159b.dir\Release\vc141.pdb" /Gd /TC /errorReport:queue  /bigobj "C:\Users\speci\Desktop\FaceRecognitionAPI\node_modules\opencv-build\opencv\build\CMakeFiles\CMakeTmp\CheckIncludeFile.c"
  Microsoft (R) C/C++ Optimizing Compiler Version 19.12.25835 for x64
  Copyright (C) Microsoft Corporation.  All rights reserved.
  
  cl /c /W3 /WX- /diagnostics:classic /MP8 /O2 /Ob2 /Oi /D WIN32 /D _WINDOWS /D _CRT_SECURE_NO_DEPRECATE /D _CRT_NONSTDC_NO_DEPRECATE /D _SCL_SECURE_NO_WARNINGS /D NDEBUG /D "CMAKE_INTDIR=\"Release\"" /D _MBCS /Gm- /MD /GS /Gy /fp:precise /Zc:wchar_t /Zc:forScope /Zc:inline /Fo"cmTC_2159b.dir\Release\\" /Fd"cmTC_2159b.dir\Release\vc141.pdb" /Gd /TC /errorReport:queue  /bigobj "C:\Users\speci\Desktop\FaceRecognitionAPI\node_modules\opencv-build\opencv\build\CMakeFiles\CMakeTmp\CheckIncludeFile.c"
  CheckIncludeFile.c
  
C:\Users\speci\Desktop\FaceRecognitionAPI\node_modules\opencv-build\opencv\build\CMakeFiles\CMakeTmp\CheckIncludeFile.c(1): fatal error C1083: Cannot open include file: 'pthread.h': No such file or directory [C:\Users\speci\Desktop\FaceRecognitionAPI\node_modules\opencv-build\opencv\build\CMakeFiles\CMakeTmp\cmTC_2159b.vcxproj]
Done Building Project "C:\Users\speci\Desktop\FaceRecognitionAPI\node_modules\opencv-build\opencv\build\CMakeFiles\CMakeTmp\cmTC_2159b.vcxproj" (default targets) -- FAILED.

Build FAILED.

"C:\Users\speci\Desktop\FaceRecognitionAPI\node_modules\opencv-build\opencv\build\CMakeFiles\CMakeTmp\cmTC_2159b.vcxproj" (default target) (1) ->
(ClCompile target) -> 
  C:\Users\speci\Desktop\FaceRecognitionAPI\node_modules\opencv-build\opencv\build\CMakeFiles\CMakeTmp\CheckIncludeFile.c(1): fatal error C1083: Cannot open include file: 'pthread.h': No such file or directory [C:\Users\speci\Desktop\FaceRecognitionAPI\node_modules\opencv-build\opencv\build\CMakeFiles\CMakeTmp\cmTC_2159b.vcxproj]

    0 Warning(s)
    1 Error(s)

Time Elapsed 00:00:00.58


